0 info it worked if it ends with ok
1 verbose cli [ 'G:\\Program Files\\nodejs\\node.exe',
1 verbose cli   'G:\\Program Files\\nodejs\\node_modules\\npm\\bin\\npm-cli.js',
1 verbose cli   'start' ]
2 info using npm@3.10.10
3 info using node@v6.11.3
4 verbose run-script [ 'prestart', 'start', 'poststart' ]
5 info lifecycle disaster@0.0.0~prestart: disaster@0.0.0
6 silly lifecycle disaster@0.0.0~prestart: no script for prestart, continuing
7 info lifecycle disaster@0.0.0~start: disaster@0.0.0
8 verbose lifecycle disaster@0.0.0~start: unsafe-perm in lifecycle true
9 verbose lifecycle disaster@0.0.0~start: PATH: G:\Program Files\nodejs\node_modules\npm\bin\node-gyp-bin;G:\Disaster\angular\node_modules\.bin;C:\ProgramData\Oracle\Java\javapath;C:\Windows\system32;C:\Windows;C:\Windows\System32\Wbem;C:\Windows\System32\WindowsPowerShell\v1.0\;C:\Program Files (x86)\NVIDIA Corporation\PhysX\Common;C:\windows\system32;C:\windows;C:\windows\System32\Wbem;C:\Program Files (x86)\PharosSystems\Core;C:\Program Files (x86)\PharosSystems\Core;G:\msys64\mingw64;G:\eclipse;"G:\Program Files\Java\jdk1.8.0_144\bin";G:\apache-maven-3.5.0\bin;G:\Program Files\nodejs\;D:\Program Files\MATLAB\R2017a\runtime\win64;D:\Program Files\MATLAB\R2017a\bin;C:\Program Files\MySQL\MySQL Utilities 1.6\;G:\Program Files\Git\cmd;C:\Program Files (x86)\Microsoft SQL Server\Client SDK\ODBC\130\Tools\Binn\;C:\Program Files (x86)\Microsoft SQL Server\140\Tools\Binn\;C:\Program Files (x86)\Microsoft SQL Server\140\DTS\Binn\;C:\Program Files (x86)\Microsoft SQL Server\140\Tools\Binn\ManagementStudio\;G:\Go\bin;C:\Users\starraven1994\AppData\Local\Microsoft\WindowsApps;C:\Users\starraven1994\AppData\Roaming\npm;C:\Users\starraven1994\AppData\Local\atom\bin;G:\Python27;G:\Python27\Scripts
10 verbose lifecycle disaster@0.0.0~start: CWD: G:\Disaster\angular
11 silly lifecycle disaster@0.0.0~start: Args: [ '/d /s /c', 'ng serve --proxy-config proxy.conf.json' ]
12 verbose stack Error: kill ENOSYS
12 verbose stack     at exports._errnoException (util.js:1020:11)
12 verbose stack     at process.kill (internal/process.js:190:13)
12 verbose stack     at process.listener (G:\Program Files\nodejs\node_modules\npm\node_modules\npmlog\node_modules\gauge\node_modules\signal-exit\index.js:86:15)
12 verbose stack     at emitNone (events.js:91:20)
12 verbose stack     at process.emit (events.js:185:7)
12 verbose stack     at processEmit (G:\Program Files\nodejs\node_modules\npm\node_modules\npmlog\node_modules\gauge\node_modules\signal-exit\index.js:146:32)
12 verbose stack     at processEmit (G:\Program Files\nodejs\node_modules\npm\node_modules\npm-registry-client\node_modules\npmlog\node_modules\gauge\node_modules\signal-exit\index.js:146:32)
12 verbose stack     at Signal.wrap.onsignal (internal/process.js:217:44)
13 verbose cwd G:\Disaster\angular
14 error Windows_NT 10.0.14393
15 error argv "G:\\Program Files\\nodejs\\node.exe" "G:\\Program Files\\nodejs\\node_modules\\npm\\bin\\npm-cli.js" "start"
16 error node v6.11.3
17 error npm  v3.10.10
18 error code ENOSYS
19 error errno ENOSYS
20 error syscall kill
21 error kill ENOSYS
22 error If you need help, you may report this error at:
22 error     <https://github.com/npm/npm/issues>
23 verbose exit [ 1, true ]
